[debug] [2024-09-30T19:14:31.423Z] ----------------------------------------------------------------------
[debug] [2024-09-30T19:14:31.425Z] Command:       C:\Program Files\nodejs\node.exe C:\Program Files\nodejs\node_modules\firebase-tools\lib\bin\firebase.js init hosting
[debug] [2024-09-30T19:14:31.425Z] CLI Version:   13.20.1
[debug] [2024-09-30T19:14:31.426Z] Platform:      win32
[debug] [2024-09-30T19:14:31.426Z] Node Version:  v20.5.0
[debug] [2024-09-30T19:14:31.426Z] Time:          Mon Sep 30 2024 21:14:31 GMT+0200 (Central European Summer Time)
[debug] [2024-09-30T19:14:31.426Z] ----------------------------------------------------------------------
[debug] 
[debug] [2024-09-30T19:14:31.428Z] >>> [apiv2][query] GET https://firebase-public.firebaseio.com/cli.json [none]
[debug] [2024-09-30T19:14:31.501Z] > command requires scopes: ["email","openid","https://www.googleapis.com/auth/cloudplatformprojects.readonly","https://www.googleapis.com/auth/firebase","https://www.googleapis.com/auth/cloud-platform"]
[debug] [2024-09-30T19:14:31.502Z] > authorizing via signed-in user (nukedev.jp@gmail.com)
[info] 
     ######## #### ########  ######## ########     ###     ######  ########
     ##        ##  ##     ## ##       ##     ##  ##   ##  ##       ##
     ######    ##  ########  ######   ########  #########  ######  ######
     ##        ##  ##    ##  ##       ##     ## ##     ##       ## ##
     ##       #### ##     ## ######## ########  ##     ##  ######  ########

You're about to initialize a Firebase project in this directory:

  C:\Users\jesus\Desktop\beer-hub

Before we get started, keep in mind:

  * You are initializing within an existing Firebase project directory

[debug] [2024-09-30T19:14:31.776Z] <<< [apiv2][status] GET https://firebase-public.firebaseio.com/cli.json 200
[debug] [2024-09-30T19:14:31.776Z] <<< [apiv2][body] GET https://firebase-public.firebaseio.com/cli.json {"cloudBuildErrorAfter":1594252800000,"cloudBuildWarnAfter":1590019200000,"defaultNode10After":1594252800000,"minVersion":"3.0.5","node8DeploysDisabledAfter":1613390400000,"node8RuntimeDisabledAfter":1615809600000,"node8WarnAfter":1600128000000}
[info] 
=== Project Setup
[info] 
[info] First, let's associate this project directory with a Firebase project.
[info] You can create multiple project aliases by running firebase use --add, 
[info] but for now we'll just set up a default project.
[info] 
[debug] [2024-09-30T19:14:36.971Z] Using project from CLI flag: beer-hub
[debug] [2024-09-30T19:14:36.971Z] Checked if tokens are valid: false, expires at: 1724063300886
[debug] [2024-09-30T19:14:36.972Z] Checked if tokens are valid: false, expires at: 1724063300886
[debug] [2024-09-30T19:14:36.972Z] > refreshing access token with scopes: []
[debug] [2024-09-30T19:14:36.972Z] >>> [apiv2][query] POST https://www.googleapis.com/oauth2/v3/token [none]
[debug] [2024-09-30T19:14:36.972Z] >>> [apiv2][body] POST https://www.googleapis.com/oauth2/v3/token [omitted]
[debug] [2024-09-30T19:14:37.068Z] <<< [apiv2][status] POST https://www.googleapis.com/oauth2/v3/token 200
[debug] [2024-09-30T19:14:37.068Z] <<< [apiv2][body] POST https://www.googleapis.com/oauth2/v3/token [omitted]
[debug] [2024-09-30T19:14:37.081Z] >>> [apiv2][query] GET https://firebase.googleapis.com/v1beta1/projects/beer-hub [none]
[debug] [2024-09-30T19:14:37.317Z] <<< [apiv2][status] GET https://firebase.googleapis.com/v1beta1/projects/beer-hub 200
[debug] [2024-09-30T19:14:37.317Z] <<< [apiv2][body] GET https://firebase.googleapis.com/v1beta1/projects/beer-hub {"projectId":"beer-hub","projectNumber":"619627938453","displayName":"Beer Hub","name":"projects/beer-hub","resources":{"hostingSite":"beer-hub-c7f53","storageBucket":"beer-hub.appspot.com","locationId":"europe-west"},"state":"ACTIVE","etag":"1_109de9d9-5608-41ac-bfcc-9de0d7e7d138"}
[info] i  Using project beer-hub (Beer Hub) 
[info] 
=== Hosting Setup
[debug] [2024-09-30T19:14:37.321Z] Checked if tokens are valid: true, expires at: 1727727276068
[debug] [2024-09-30T19:14:37.321Z] Checked if tokens are valid: true, expires at: 1727727276068
[debug] [2024-09-30T19:14:37.321Z] >>> [apiv2][query] GET https://firebase.googleapis.com/v1beta1/projects/beer-hub [none]
[debug] [2024-09-30T19:14:37.492Z] <<< [apiv2][status] GET https://firebase.googleapis.com/v1beta1/projects/beer-hub 200
[debug] [2024-09-30T19:14:37.492Z] <<< [apiv2][body] GET https://firebase.googleapis.com/v1beta1/projects/beer-hub {"projectId":"beer-hub","projectNumber":"619627938453","displayName":"Beer Hub","name":"projects/beer-hub","resources":{"hostingSite":"beer-hub-c7f53","storageBucket":"beer-hub.appspot.com","locationId":"europe-west"},"state":"ACTIVE","etag":"1_109de9d9-5608-41ac-bfcc-9de0d7e7d138"}
[info] 
[info] Your public directory is the folder (relative to your project directory) that
[info] will contain Hosting assets to be uploaded with firebase deploy. If you
[info] have a build process for your assets, use your build's output directory.
[info] 
